2026-01-14 18:35:06,391 - DataIngestionOrchestrator - INFO - Logging initialized. Log file: CryptX/logs/ingestion_20260114_183506.log
2026-01-14 18:35:06,391 - DataIngestionOrchestrator - INFO - ======================================================================
2026-01-14 18:35:06,391 - DataIngestionOrchestrator - INFO - STARTING HISTORICAL DATA INGESTION PIPELINE
2026-01-14 18:35:06,391 - DataIngestionOrchestrator - INFO - ======================================================================
2026-01-14 18:35:06,591 - DataIngestionOrchestrator - INFO - Initializing Historical Data Ingestor...
2026-01-14 18:35:10,185 - DataIngestionOrchestrator - INFO - Step 1: Ingesting data for BTCUSDT (1m)
2026-01-14 18:35:10,623 - DataIngestionOrchestrator - ERROR - Error in historical ingestion: [PATH_NOT_FOUND] Path does not exist: file:/Users/ayman/Documents/CryptX/CryptX/data/raw/binance/BTCUSDT/1m/BTCUSDT-1m-*.csv. SQLSTATE: 42K03
Traceback (most recent call last):
  File "/Users/ayman/Documents/CryptX/spark/main_orchestrator.py", line 90, in run_historical_ingestion
    df_processed = self.historical_ingestor.ingest_historical_data(
                   ^^^^^^^^^^^^^^^^^^^^^^^^^^^^^^^^^^^^^^^^^^^^^^^^
  File "/Users/ayman/Documents/CryptX/spark/historical_data_ingestor.py", line 91, in ingest_historical_data
    .csv(file_pattern))
     ^^^^^^^^^^^^^^^^^
  File "/Library/Frameworks/Python.framework/Versions/3.11/lib/python3.11/site-packages/pyspark/sql/readwriter.py", line 838, in csv
    return self._df(self._jreader.csv(self._spark._sc._jvm.PythonUtils.toSeq(path)))
                    ^^^^^^^^^^^^^^^^^^^^^^^^^^^^^^^^^^^^^^^^^^^^^^^^^^^^^^^^^^^^^^^
  File "/Library/Frameworks/Python.framework/Versions/3.11/lib/python3.11/site-packages/py4j/java_gateway.py", line 1362, in __call__
    return_value = get_return_value(
                   ^^^^^^^^^^^^^^^^^
  File "/Library/Frameworks/Python.framework/Versions/3.11/lib/python3.11/site-packages/pyspark/errors/exceptions/captured.py", line 269, in deco
    raise converted from None
pyspark.errors.exceptions.captured.AnalysisException: [PATH_NOT_FOUND] Path does not exist: file:/Users/ayman/Documents/CryptX/CryptX/data/raw/binance/BTCUSDT/1m/BTCUSDT-1m-*.csv. SQLSTATE: 42K03
2026-01-14 18:35:11,093 - py4j.clientserver - INFO - Closing down clientserver connection
