2026-01-17 17:58:53,795 - DataIngestionOrchestrator - INFO - Logging initialized. Log file: /Users/ayman/Documents/CryptX/logs/ingestion_20260117_175853.log
2026-01-17 17:58:53,795 - DataIngestionOrchestrator - INFO - ======================================================================
2026-01-17 17:58:53,795 - DataIngestionOrchestrator - INFO - RUNNING DATA VERIFICATION
2026-01-17 17:58:53,795 - DataIngestionOrchestrator - INFO - ======================================================================
2026-01-17 17:58:57,657 - DataIngestionOrchestrator - INFO - Loading data from: /Users/ayman/Documents/CryptX/data/processed/BTCUSDT/1m/historical
2026-01-17 17:58:58,651 - DataIngestionOrchestrator - ERROR - Error in data verification: An error occurred while calling o40.parquet.
: org.apache.spark.SparkException: Job aborted due to stage failure: Task 0 in stage 0.0 failed 1 times, most recent failure: Lost task 0.0 in stage 0.0 (TID 0) (192.168.0.108 executor driver): org.apache.spark.SparkException: Exception thrown in awaitResult: 
	at org.apache.spark.util.SparkThreadUtils$.awaitResult(SparkThreadUtils.scala:53)
	at org.apache.spark.util.ThreadUtils$.awaitResult(ThreadUtils.scala:359)
	at org.apache.spark.util.ThreadUtils$.parmap(ThreadUtils.scala:436)
	at org.apache.spark.sql.execution.datasources.parquet.ParquetFileFormat$.readParquetFootersInParallel(ParquetFileFormat.scala:506)
	at org.apache.spark.sql.execution.datasources.parquet.ParquetFileFormat$.$anonfun$mergeSchemasInParallel$1(ParquetFileFormat.scala:557)
	at org.apache.spark.sql.execution.datasources.parquet.ParquetFileFormat$.$anonfun$mergeSchemasInParallel$1$adapted(ParquetFileFormat.scala:549)
	at org.apache.spark.sql.execution.datasources.SchemaMergeUtils$.$anonfun$mergeSchemasInParallel$2(SchemaMergeUtils.scala:80)
	at org.apache.spark.rdd.RDD.$anonfun$mapPartitions$2(RDD.scala:866)
	at org.apache.spark.rdd.RDD.$anonfun$mapPartitions$2$adapted(RDD.scala:866)
	at org.apache.spark.rdd.MapPartitionsRDD.compute(MapPartitionsRDD.scala:52)
	at org.apache.spark.rdd.RDD.computeOrReadCheckpoint(RDD.scala:374)
	at org.apache.spark.rdd.RDD.iterator(RDD.scala:338)
	at org.apache.spark.scheduler.ResultTask.runTask(ResultTask.scala:93)
	at org.apache.spark.TaskContext.runTaskWithListeners(TaskContext.scala:180)
	at org.apache.spark.scheduler.Task.run(Task.scala:147)
	at org.apache.spark.executor.Executor$TaskRunner.$anonfun$run$5(Executor.scala:716)
	at org.apache.spark.util.SparkErrorUtils.tryWithSafeFinally(SparkErrorUtils.scala:86)
	at org.apache.spark.util.SparkErrorUtils.tryWithSafeFinally$(SparkErrorUtils.scala:83)
	at org.apache.spark.util.Utils$.tryWithSafeFinally(Utils.scala:97)
	at org.apache.spark.executor.Executor$TaskRunner.run(Executor.scala:719)
	at java.base/java.util.concurrent.ThreadPoolExecutor.runWorker(ThreadPoolExecutor.java:1144)
	at java.base/java.util.concurrent.ThreadPoolExecutor$Worker.run(ThreadPoolExecutor.java:642)
	at java.base/java.lang.Thread.run(Thread.java:1583)
Caused by: org.apache.spark.SparkException: [FAILED_READ_FILE.CANNOT_READ_FILE_FOOTER] Encountered error while reading file file:/Users/ayman/Documents/CryptX/data/processed/BTCUSDT/1m/historical/metadata.json. Could not read footer. Please ensure that the file is in either ORC or Parquet format.
If not, please convert it to a valid format. If the file is in the valid format, please check if it is corrupt.
If it is, you can choose to either ignore it or fix the corruption. SQLSTATE: KD001
	at org.apache.spark.sql.errors.QueryExecutionErrors$.cannotReadFooterForFileError(QueryExecutionErrors.scala:1094)
	at org.apache.spark.sql.execution.datasources.parquet.ParquetFileFormat$.$anonfun$readParquetFootersInParallel$1(ParquetFileFormat.scala:519)
	at org.apache.spark.util.ThreadUtils$.$anonfun$parmap$2(ThreadUtils.scala:433)
	at scala.concurrent.Future$.$anonfun$apply$1(Future.scala:691)
	at scala.concurrent.impl.Promise$Transformation.run(Promise.scala:500)
	at java.base/java.util.concurrent.ForkJoinTask$RunnableExecuteAction.exec(ForkJoinTask.java:1423)
	at java.base/java.util.concurrent.ForkJoinTask.doExec(ForkJoinTask.java:387)
	at java.base/java.util.concurrent.ForkJoinPool$WorkQueue.topLevelExec(ForkJoinPool.java:1312)
	at java.base/java.util.concurrent.ForkJoinPool.scan(ForkJoinPool.java:1843)
	at java.base/java.util.concurrent.ForkJoinPool.runWorker(ForkJoinPool.java:1808)
	at java.base/java.util.concurrent.ForkJoinWorkerThread.run(ForkJoinWorkerThread.java:188)
Caused by: java.lang.RuntimeException: file:/Users/ayman/Documents/CryptX/data/processed/BTCUSDT/1m/historical/metadata.json is not a Parquet file. Expected magic number at tail, but found [108, 34, 10, 125]
	at org.apache.parquet.hadoop.ParquetFileReader.readFooter(ParquetFileReader.java:622)
	at org.apache.parquet.hadoop.ParquetFileReader.readFooter(ParquetFileReader.java:578)
	at org.apache.parquet.hadoop.ParquetFileReader.<init>(ParquetFileReader.java:971)
	at org.apache.parquet.hadoop.ParquetFileReader.<init>(ParquetFileReader.java:961)
	at org.apache.parquet.hadoop.ParquetFileReader.open(ParquetFileReader.java:730)
	at org.apache.spark.sql.execution.datasources.parquet.ParquetFooterReader.readFooter(ParquetFooterReader.java:67)
	at org.apache.spark.sql.execution.datasources.parquet.ParquetFileFormat$.$anonfun$readParquetFootersInParallel$1(ParquetFileFormat.scala:513)
	... 9 more

Driver stacktrace:
	at org.apache.spark.scheduler.DAGScheduler.$anonfun$abortStage$3(DAGScheduler.scala:3122)
	at scala.Option.getOrElse(Option.scala:201)
	at org.apache.spark.scheduler.DAGScheduler.$anonfun$abortStage$2(DAGScheduler.scala:3122)
	at org.apache.spark.scheduler.DAGScheduler.$anonfun$abortStage$2$adapted(DAGScheduler.scala:3114)
	at scala.collection.immutable.List.foreach(List.scala:323)
	at org.apache.spark.scheduler.DAGScheduler.abortStage(DAGScheduler.scala:3114)
	at org.apache.spark.scheduler.DAGScheduler.$anonfun$handleTaskSetFailed$1(DAGScheduler.scala:1303)
	at org.apache.spark.scheduler.DAGScheduler.$anonfun$handleTaskSetFailed$1$adapted(DAGScheduler.scala:1303)
	at scala.Option.foreach(Option.scala:437)
	at org.apache.spark.scheduler.DAGScheduler.handleTaskSetFailed(DAGScheduler.scala:1303)
	at org.apache.spark.scheduler.DAGSchedulerEventProcessLoop.doOnReceive(DAGScheduler.scala:3397)
	at org.apache.spark.scheduler.DAGSchedulerEventProcessLoop.onReceive(DAGScheduler.scala:3328)
	at org.apache.spark.scheduler.DAGSchedulerEventProcessLoop.onReceive(DAGScheduler.scala:3317)
	at org.apache.spark.util.EventLoop$$anon$1.run(EventLoop.scala:50)
	at org.apache.spark.scheduler.DAGScheduler.runJob(DAGScheduler.scala:1017)
	at org.apache.spark.SparkContext.runJob(SparkContext.scala:2496)
	at org.apache.spark.SparkContext.runJob(SparkContext.scala:2517)
	at org.apache.spark.SparkContext.runJob(SparkContext.scala:2536)
	at org.apache.spark.SparkContext.runJob(SparkContext.scala:2561)
	at org.apache.spark.rdd.RDD.$anonfun$collect$1(RDD.scala:1057)
	at org.apache.spark.rdd.RDDOperationScope$.withScope(RDDOperationScope.scala:151)
	at org.apache.spark.rdd.RDDOperationScope$.withScope(RDDOperationScope.scala:112)
	at org.apache.spark.rdd.RDD.withScope(RDD.scala:417)
	at org.apache.spark.rdd.RDD.collect(RDD.scala:1056)
	at org.apache.spark.sql.execution.datasources.SchemaMergeUtils$.mergeSchemasInParallel(SchemaMergeUtils.scala:74)
	at org.apache.spark.sql.execution.datasources.parquet.ParquetFileFormat$.mergeSchemasInParallel(ParquetFileFormat.scala:561)
	at org.apache.spark.sql.execution.datasources.parquet.ParquetUtils$.inferSchema(ParquetUtils.scala:134)
	at org.apache.spark.sql.execution.datasources.parquet.ParquetFileFormat.inferSchema(ParquetFileFormat.scala:87)
	at org.apache.spark.sql.execution.datasources.DataSource.$anonfun$getOrInferFileFormatSchema$11(DataSource.scala:222)
	at scala.Option.orElse(Option.scala:477)
	at org.apache.spark.sql.execution.datasources.DataSource.getOrInferFileFormatSchema(DataSource.scala:219)
	at org.apache.spark.sql.execution.datasources.DataSource.resolveRelation(DataSource.scala:425)
	at org.apache.spark.sql.catalyst.analysis.ResolveDataSource.org$apache$spark$sql$catalyst$analysis$ResolveDataSource$$loadV1BatchSource(ResolveDataSource.scala:143)
	at org.apache.spark.sql.catalyst.analysis.ResolveDataSource$$anonfun$apply$1.$anonfun$applyOrElse$2(ResolveDataSource.scala:61)
	at scala.Option.getOrElse(Option.scala:201)
	at org.apache.spark.sql.catalyst.analysis.ResolveDataSource$$anonfun$apply$1.applyOrElse(ResolveDataSource.scala:61)
	at org.apache.spark.sql.catalyst.analysis.ResolveDataSource$$anonfun$apply$1.applyOrElse(ResolveDataSource.scala:45)
	at org.apache.spark.sql.catalyst.plans.logical.AnalysisHelper.$anonfun$resolveOperatorsUpWithPruning$3(AnalysisHelper.scala:139)
	at org.apache.spark.sql.catalyst.trees.CurrentOrigin$.withOrigin(origin.scala:107)
	at org.apache.spark.sql.catalyst.plans.logical.AnalysisHelper.$anonfun$resolveOperatorsUpWithPruning$1(AnalysisHelper.scala:139)
	at org.apache.spark.sql.catalyst.plans.logical.AnalysisHelper$.allowInvokingTransformsInAnalyzer(AnalysisHelper.scala:416)
	at org.apache.spark.sql.catalyst.plans.logical.AnalysisHelper.resolveOperatorsUpWithPruning(AnalysisHelper.scala:135)
	at org.apache.spark.sql.catalyst.plans.logical.AnalysisHelper.resolveOperatorsUpWithPruning$(AnalysisHelper.scala:131)
	at org.apache.spark.sql.catalyst.plans.logical.LogicalPlan.resolveOperatorsUpWithPruning(LogicalPlan.scala:37)
	at org.apache.spark.sql.catalyst.plans.logical.AnalysisHelper.resolveOperatorsUp(AnalysisHelper.scala:112)
	at org.apache.spark.sql.catalyst.plans.logical.AnalysisHelper.resolveOperatorsUp$(AnalysisHelper.scala:111)
	at org.apache.spark.sql.catalyst.plans.logical.LogicalPlan.resolveOperatorsUp(LogicalPlan.scala:37)
	at org.apache.spark.sql.catalyst.analysis.ResolveDataSource.apply(ResolveDataSource.scala:45)
	at org.apache.spark.sql.catalyst.analysis.ResolveDataSource.apply(ResolveDataSource.scala:43)
	at org.apache.spark.sql.catalyst.rules.RuleExecutor.$anonfun$execute$2(RuleExecutor.scala:248)
	at scala.collection.LinearSeqOps.foldLeft(LinearSeq.scala:183)
	at scala.collection.LinearSeqOps.foldLeft$(LinearSeq.scala:179)
	at scala.collection.immutable.List.foldLeft(List.scala:79)
	at org.apache.spark.sql.catalyst.rules.RuleExecutor.$anonfun$execute$1(RuleExecutor.scala:245)
	at org.apache.spark.sql.catalyst.rules.RuleExecutor.$anonfun$execute$1$adapted(RuleExecutor.scala:237)
	at scala.collection.immutable.List.foreach(List.scala:323)
	at org.apache.spark.sql.catalyst.rules.RuleExecutor.execute(RuleExecutor.scala:237)
	at org.apache.spark.sql.catalyst.analysis.Analyzer.org$apache$spark$sql$catalyst$analysis$Analyzer$$executeSameContext(Analyzer.scala:343)
	at org.apache.spark.sql.catalyst.analysis.Analyzer.$anonfun$execute$1(Analyzer.scala:339)
	at org.apache.spark.sql.catalyst.analysis.AnalysisContext$.withNewAnalysisContext(Analyzer.scala:224)
	at org.apache.spark.sql.catalyst.analysis.Analyzer.execute(Analyzer.scala:339)
	at org.apache.spark.sql.catalyst.analysis.Analyzer.execute(Analyzer.scala:289)
	at org.apache.spark.sql.catalyst.rules.RuleExecutor.$anonfun$executeAndTrack$1(RuleExecutor.scala:207)
	at org.apache.spark.sql.catalyst.QueryPlanningTracker$.withTracker(QueryPlanningTracker.scala:89)
	at org.apache.spark.sql.catalyst.rules.RuleExecutor.executeAndTrack(RuleExecutor.scala:207)
	at org.apache.spark.sql.catalyst.analysis.resolver.HybridAnalyzer.resolveInFixedPoint(HybridAnalyzer.scala:236)
	at org.apache.spark.sql.catalyst.analysis.resolver.HybridAnalyzer.$anonfun$apply$1(HybridAnalyzer.scala:91)
	at org.apache.spark.sql.catalyst.analysis.resolver.HybridAnalyzer.withTrackedAnalyzerBridgeState(HybridAnalyzer.scala:122)
	at org.apache.spark.sql.catalyst.analysis.resolver.HybridAnalyzer.apply(HybridAnalyzer.scala:84)
	at org.apache.spark.sql.catalyst.analysis.Analyzer.$anonfun$executeAndCheck$1(Analyzer.scala:322)
	at org.apache.spark.sql.catalyst.plans.logical.AnalysisHelper$.markInAnalyzer(AnalysisHelper.scala:423)
	at org.apache.spark.sql.catalyst.analysis.Analyzer.executeAndCheck(Analyzer.scala:322)
	at org.apache.spark.sql.execution.QueryExecution.$anonfun$lazyAnalyzed$2(QueryExecution.scala:139)
	at org.apache.spark.sql.catalyst.QueryPlanningTracker.measurePhase(QueryPlanningTracker.scala:148)
	at org.apache.spark.sql.execution.QueryExecution.$anonfun$executePhase$2(QueryExecution.scala:330)
	at org.apache.spark.sql.execution.QueryExecution$.withInternalError(QueryExecution.scala:717)
	at org.apache.spark.sql.execution.QueryExecution.$anonfun$executePhase$1(QueryExecution.scala:330)
	at org.apache.spark.sql.SparkSession.withActive(SparkSession.scala:804)
	at org.apache.spark.sql.execution.QueryExecution.executePhase(QueryExecution.scala:329)
	at org.apache.spark.sql.execution.QueryExecution.$anonfun$lazyAnalyzed$1(QueryExecution.scala:139)
	at scala.util.Try$.apply(Try.scala:217)
	at org.apache.spark.util.Utils$.doTryWithCallerStacktrace(Utils.scala:1392)
	at org.apache.spark.util.Utils$.getTryWithCallerStacktrace(Utils.scala:1453)
	at org.apache.spark.util.LazyTry.get(LazyTry.scala:58)
	at org.apache.spark.sql.execution.QueryExecution.analyzed(QueryExecution.scala:150)
	at org.apache.spark.sql.execution.QueryExecution.assertAnalyzed(QueryExecution.scala:90)
	at org.apache.spark.sql.classic.Dataset$.$anonfun$ofRows$1(Dataset.scala:114)
	at org.apache.spark.sql.SparkSession.withActive(SparkSession.scala:804)
	at org.apache.spark.sql.classic.Dataset$.ofRows(Dataset.scala:112)
	at org.apache.spark.sql.classic.DataFrameReader.load(DataFrameReader.scala:108)
	at org.apache.spark.sql.classic.DataFrameReader.load(DataFrameReader.scala:57)
	at org.apache.spark.sql.DataFrameReader.parquet(DataFrameReader.scala:457)
	at org.apache.spark.sql.classic.DataFrameReader.parquet(DataFrameReader.scala:305)
	at org.apache.spark.sql.classic.DataFrameReader.parquet(DataFrameReader.scala:57)
	at java.base/jdk.internal.reflect.NativeMethodAccessorImpl.invoke0(Native Method)
	at java.base/jdk.internal.reflect.NativeMethodAccessorImpl.invoke(NativeMethodAccessorImpl.java:75)
	at java.base/jdk.internal.reflect.DelegatingMethodAccessorImpl.invoke(DelegatingMethodAccessorImpl.java:52)
	at java.base/java.lang.reflect.Method.invoke(Method.java:580)
	at py4j.reflection.MethodInvoker.invoke(MethodInvoker.java:244)
	at py4j.reflection.ReflectionEngine.invoke(ReflectionEngine.java:374)
	at py4j.Gateway.invoke(Gateway.java:282)
	at py4j.commands.AbstractCommand.invokeMethod(AbstractCommand.java:132)
	at py4j.commands.CallCommand.execute(CallCommand.java:79)
	at py4j.ClientServerConnection.waitForCommands(ClientServerConnection.java:184)
	at py4j.ClientServerConnection.run(ClientServerConnection.java:108)
	at java.base/java.lang.Thread.run(Thread.java:1583)
	Suppressed: org.apache.spark.util.Utils$OriginalTryStackTraceException: Full stacktrace of original doTryWithCallerStacktrace caller
		at org.apache.spark.scheduler.DAGScheduler.$anonfun$abortStage$3(DAGScheduler.scala:3122)
		at scala.Option.getOrElse(Option.scala:201)
		at org.apache.spark.scheduler.DAGScheduler.$anonfun$abortStage$2(DAGScheduler.scala:3122)
		at org.apache.spark.scheduler.DAGScheduler.$anonfun$abortStage$2$adapted(DAGScheduler.scala:3114)
		at scala.collection.immutable.List.foreach(List.scala:323)
		at org.apache.spark.scheduler.DAGScheduler.abortStage(DAGScheduler.scala:3114)
		at org.apache.spark.scheduler.DAGScheduler.$anonfun$handleTaskSetFailed$1(DAGScheduler.scala:1303)
		at org.apache.spark.scheduler.DAGScheduler.$anonfun$handleTaskSetFailed$1$adapted(DAGScheduler.scala:1303)
		at scala.Option.foreach(Option.scala:437)
		at org.apache.spark.scheduler.DAGScheduler.handleTaskSetFailed(DAGScheduler.scala:1303)
		at org.apache.spark.scheduler.DAGSchedulerEventProcessLoop.doOnReceive(DAGScheduler.scala:3397)
		at org.apache.spark.scheduler.DAGSchedulerEventProcessLoop.onReceive(DAGScheduler.scala:3328)
		at org.apache.spark.scheduler.DAGSchedulerEventProcessLoop.onReceive(DAGScheduler.scala:3317)
		at org.apache.spark.util.EventLoop$$anon$1.run(EventLoop.scala:50)
		at org.apache.spark.scheduler.DAGScheduler.runJob(DAGScheduler.scala:1017)
		at org.apache.spark.SparkContext.runJob(SparkContext.scala:2496)
		at org.apache.spark.SparkContext.runJob(SparkContext.scala:2517)
		at org.apache.spark.SparkContext.runJob(SparkContext.scala:2536)
		at org.apache.spark.SparkContext.runJob(SparkContext.scala:2561)
		at org.apache.spark.rdd.RDD.$anonfun$collect$1(RDD.scala:1057)
		at org.apache.spark.rdd.RDDOperationScope$.withScope(RDDOperationScope.scala:151)
		at org.apache.spark.rdd.RDDOperationScope$.withScope(RDDOperationScope.scala:112)
		at org.apache.spark.rdd.RDD.withScope(RDD.scala:417)
		at org.apache.spark.rdd.RDD.collect(RDD.scala:1056)
		at org.apache.spark.sql.execution.datasources.SchemaMergeUtils$.mergeSchemasInParallel(SchemaMergeUtils.scala:74)
		at org.apache.spark.sql.execution.datasources.parquet.ParquetFileFormat$.mergeSchemasInParallel(ParquetFileFormat.scala:561)
		at org.apache.spark.sql.execution.datasources.parquet.ParquetUtils$.inferSchema(ParquetUtils.scala:134)
		at org.apache.spark.sql.execution.datasources.parquet.ParquetFileFormat.inferSchema(ParquetFileFormat.scala:87)
		at org.apache.spark.sql.execution.datasources.DataSource.$anonfun$getOrInferFileFormatSchema$11(DataSource.scala:222)
		at scala.Option.orElse(Option.scala:477)
		at org.apache.spark.sql.execution.datasources.DataSource.getOrInferFileFormatSchema(DataSource.scala:219)
		at org.apache.spark.sql.execution.datasources.DataSource.resolveRelation(DataSource.scala:425)
		at org.apache.spark.sql.catalyst.analysis.ResolveDataSource.org$apache$spark$sql$catalyst$analysis$ResolveDataSource$$loadV1BatchSource(ResolveDataSource.scala:143)
		at org.apache.spark.sql.catalyst.analysis.ResolveDataSource$$anonfun$apply$1.$anonfun$applyOrElse$2(ResolveDataSource.scala:61)
		at scala.Option.getOrElse(Option.scala:201)
		at org.apache.spark.sql.catalyst.analysis.ResolveDataSource$$anonfun$apply$1.applyOrElse(ResolveDataSource.scala:61)
		at org.apache.spark.sql.catalyst.analysis.ResolveDataSource$$anonfun$apply$1.applyOrElse(ResolveDataSource.scala:45)
		at org.apache.spark.sql.catalyst.plans.logical.AnalysisHelper.$anonfun$resolveOperatorsUpWithPruning$3(AnalysisHelper.scala:139)
		at org.apache.spark.sql.catalyst.trees.CurrentOrigin$.withOrigin(origin.scala:107)
		at org.apache.spark.sql.catalyst.plans.logical.AnalysisHelper.$anonfun$resolveOperatorsUpWithPruning$1(AnalysisHelper.scala:139)
		at org.apache.spark.sql.catalyst.plans.logical.AnalysisHelper$.allowInvokingTransformsInAnalyzer(AnalysisHelper.scala:416)
		at org.apache.spark.sql.catalyst.plans.logical.AnalysisHelper.resolveOperatorsUpWithPruning(AnalysisHelper.scala:135)
		at org.apache.spark.sql.catalyst.plans.logical.AnalysisHelper.resolveOperatorsUpWithPruning$(AnalysisHelper.scala:131)
		at org.apache.spark.sql.catalyst.plans.logical.LogicalPlan.resolveOperatorsUpWithPruning(LogicalPlan.scala:37)
		at org.apache.spark.sql.catalyst.plans.logical.AnalysisHelper.resolveOperatorsUp(AnalysisHelper.scala:112)
		at org.apache.spark.sql.catalyst.plans.logical.AnalysisHelper.resolveOperatorsUp$(AnalysisHelper.scala:111)
		at org.apache.spark.sql.catalyst.plans.logical.LogicalPlan.resolveOperatorsUp(LogicalPlan.scala:37)
		at org.apache.spark.sql.catalyst.analysis.ResolveDataSource.apply(ResolveDataSource.scala:45)
		at org.apache.spark.sql.catalyst.analysis.ResolveDataSource.apply(ResolveDataSource.scala:43)
		at org.apache.spark.sql.catalyst.rules.RuleExecutor.$anonfun$execute$2(RuleExecutor.scala:248)
		at scala.collection.LinearSeqOps.foldLeft(LinearSeq.scala:183)
		at scala.collection.LinearSeqOps.foldLeft$(LinearSeq.scala:179)
		at scala.collection.immutable.List.foldLeft(List.scala:79)
		at org.apache.spark.sql.catalyst.rules.RuleExecutor.$anonfun$execute$1(RuleExecutor.scala:245)
		at org.apache.spark.sql.catalyst.rules.RuleExecutor.$anonfun$execute$1$adapted(RuleExecutor.scala:237)
		at scala.collection.immutable.List.foreach(List.scala:323)
		at org.apache.spark.sql.catalyst.rules.RuleExecutor.execute(RuleExecutor.scala:237)
		at org.apache.spark.sql.catalyst.analysis.Analyzer.org$apache$spark$sql$catalyst$analysis$Analyzer$$executeSameContext(Analyzer.scala:343)
		at org.apache.spark.sql.catalyst.analysis.Analyzer.$anonfun$execute$1(Analyzer.scala:339)
		at org.apache.spark.sql.catalyst.analysis.AnalysisContext$.withNewAnalysisContext(Analyzer.scala:224)
		at org.apache.spark.sql.catalyst.analysis.Analyzer.execute(Analyzer.scala:339)
		at org.apache.spark.sql.catalyst.analysis.Analyzer.execute(Analyzer.scala:289)
		at org.apache.spark.sql.catalyst.rules.RuleExecutor.$anonfun$executeAndTrack$1(RuleExecutor.scala:207)
		at org.apache.spark.sql.catalyst.QueryPlanningTracker$.withTracker(QueryPlanningTracker.scala:89)
		at org.apache.spark.sql.catalyst.rules.RuleExecutor.executeAndTrack(RuleExecutor.scala:207)
		at org.apache.spark.sql.catalyst.analysis.resolver.HybridAnalyzer.resolveInFixedPoint(HybridAnalyzer.scala:236)
		at org.apache.spark.sql.catalyst.analysis.resolver.HybridAnalyzer.$anonfun$apply$1(HybridAnalyzer.scala:91)
		at org.apache.spark.sql.catalyst.analysis.resolver.HybridAnalyzer.withTrackedAnalyzerBridgeState(HybridAnalyzer.scala:122)
		at org.apache.spark.sql.catalyst.analysis.resolver.HybridAnalyzer.apply(HybridAnalyzer.scala:84)
		at org.apache.spark.sql.catalyst.analysis.Analyzer.$anonfun$executeAndCheck$1(Analyzer.scala:322)
		at org.apache.spark.sql.catalyst.plans.logical.AnalysisHelper$.markInAnalyzer(AnalysisHelper.scala:423)
		at org.apache.spark.sql.catalyst.analysis.Analyzer.executeAndCheck(Analyzer.scala:322)
		at org.apache.spark.sql.execution.QueryExecution.$anonfun$lazyAnalyzed$2(QueryExecution.scala:139)
		at org.apache.spark.sql.catalyst.QueryPlanningTracker.measurePhase(QueryPlanningTracker.scala:148)
		at org.apache.spark.sql.execution.QueryExecution.$anonfun$executePhase$2(QueryExecution.scala:330)
		at org.apache.spark.sql.execution.QueryExecution$.withInternalError(QueryExecution.scala:717)
		at org.apache.spark.sql.execution.QueryExecution.$anonfun$executePhase$1(QueryExecution.scala:330)
		at org.apache.spark.sql.SparkSession.withActive(SparkSession.scala:804)
		at org.apache.spark.sql.execution.QueryExecution.executePhase(QueryExecution.scala:329)
		at org.apache.spark.sql.execution.QueryExecution.$anonfun$lazyAnalyzed$1(QueryExecution.scala:139)
		at scala.util.Try$.apply(Try.scala:217)
		at org.apache.spark.util.Utils$.doTryWithCallerStacktrace(Utils.scala:1392)
		at org.apache.spark.util.LazyTry.tryT$lzycompute(LazyTry.scala:46)
		at org.apache.spark.util.LazyTry.tryT(LazyTry.scala:46)
		... 23 more
Caused by: org.apache.spark.SparkException: Exception thrown in awaitResult: 
	at org.apache.spark.util.SparkThreadUtils$.awaitResult(SparkThreadUtils.scala:53)
	at org.apache.spark.util.ThreadUtils$.awaitResult(ThreadUtils.scala:359)
	at org.apache.spark.util.ThreadUtils$.parmap(ThreadUtils.scala:436)
	at org.apache.spark.sql.execution.datasources.parquet.ParquetFileFormat$.readParquetFootersInParallel(ParquetFileFormat.scala:506)
	at org.apache.spark.sql.execution.datasources.parquet.ParquetFileFormat$.$anonfun$mergeSchemasInParallel$1(ParquetFileFormat.scala:557)
	at org.apache.spark.sql.execution.datasources.parquet.ParquetFileFormat$.$anonfun$mergeSchemasInParallel$1$adapted(ParquetFileFormat.scala:549)
	at org.apache.spark.sql.execution.datasources.SchemaMergeUtils$.$anonfun$mergeSchemasInParallel$2(SchemaMergeUtils.scala:80)
	at org.apache.spark.rdd.RDD.$anonfun$mapPartitions$2(RDD.scala:866)
	at org.apache.spark.rdd.RDD.$anonfun$mapPartitions$2$adapted(RDD.scala:866)
	at org.apache.spark.rdd.MapPartitionsRDD.compute(MapPartitionsRDD.scala:52)
	at org.apache.spark.rdd.RDD.computeOrReadCheckpoint(RDD.scala:374)
	at org.apache.spark.rdd.RDD.iterator(RDD.scala:338)
	at org.apache.spark.scheduler.ResultTask.runTask(ResultTask.scala:93)
	at org.apache.spark.TaskContext.runTaskWithListeners(TaskContext.scala:180)
	at org.apache.spark.scheduler.Task.run(Task.scala:147)
	at org.apache.spark.executor.Executor$TaskRunner.$anonfun$run$5(Executor.scala:716)
	at org.apache.spark.util.SparkErrorUtils.tryWithSafeFinally(SparkErrorUtils.scala:86)
	at org.apache.spark.util.SparkErrorUtils.tryWithSafeFinally$(SparkErrorUtils.scala:83)
	at org.apache.spark.util.Utils$.tryWithSafeFinally(Utils.scala:97)
	at org.apache.spark.executor.Executor$TaskRunner.run(Executor.scala:719)
	at java.base/java.util.concurrent.ThreadPoolExecutor.runWorker(ThreadPoolExecutor.java:1144)
	at java.base/java.util.concurrent.ThreadPoolExecutor$Worker.run(ThreadPoolExecutor.java:642)
	... 1 more
Caused by: org.apache.spark.SparkException: [FAILED_READ_FILE.CANNOT_READ_FILE_FOOTER] Encountered error while reading file file:/Users/ayman/Documents/CryptX/data/processed/BTCUSDT/1m/historical/metadata.json. Could not read footer. Please ensure that the file is in either ORC or Parquet format.
If not, please convert it to a valid format. If the file is in the valid format, please check if it is corrupt.
If it is, you can choose to either ignore it or fix the corruption. SQLSTATE: KD001
	at org.apache.spark.sql.errors.QueryExecutionErrors$.cannotReadFooterForFileError(QueryExecutionErrors.scala:1094)
	at org.apache.spark.sql.execution.datasources.parquet.ParquetFileFormat$.$anonfun$readParquetFootersInParallel$1(ParquetFileFormat.scala:519)
	at org.apache.spark.util.ThreadUtils$.$anonfun$parmap$2(ThreadUtils.scala:433)
	at scala.concurrent.Future$.$anonfun$apply$1(Future.scala:691)
	at scala.concurrent.impl.Promise$Transformation.run(Promise.scala:500)
	at java.base/java.util.concurrent.ForkJoinTask$RunnableExecuteAction.exec(ForkJoinTask.java:1423)
	at java.base/java.util.concurrent.ForkJoinTask.doExec(ForkJoinTask.java:387)
	at java.base/java.util.concurrent.ForkJoinPool$WorkQueue.topLevelExec(ForkJoinPool.java:1312)
	at java.base/java.util.concurrent.ForkJoinPool.scan(ForkJoinPool.java:1843)
	at java.base/java.util.concurrent.ForkJoinPool.runWorker(ForkJoinPool.java:1808)
	at java.base/java.util.concurrent.ForkJoinWorkerThread.run(ForkJoinWorkerThread.java:188)
Caused by: java.lang.RuntimeException: file:/Users/ayman/Documents/CryptX/data/processed/BTCUSDT/1m/historical/metadata.json is not a Parquet file. Expected magic number at tail, but found [108, 34, 10, 125]
	at org.apache.parquet.hadoop.ParquetFileReader.readFooter(ParquetFileReader.java:622)
	at org.apache.parquet.hadoop.ParquetFileReader.readFooter(ParquetFileReader.java:578)
	at org.apache.parquet.hadoop.ParquetFileReader.<init>(ParquetFileReader.java:971)
	at org.apache.parquet.hadoop.ParquetFileReader.<init>(ParquetFileReader.java:961)
	at org.apache.parquet.hadoop.ParquetFileReader.open(ParquetFileReader.java:730)
	at org.apache.spark.sql.execution.datasources.parquet.ParquetFooterReader.readFooter(ParquetFooterReader.java:67)
	at org.apache.spark.sql.execution.datasources.parquet.ParquetFileFormat$.$anonfun$readParquetFootersInParallel$1(ParquetFileFormat.scala:513)
	... 9 more
Traceback (most recent call last):
  File "/Users/ayman/Documents/CryptX/spark/main_orchestrator.py", line 272, in run_data_verification
    df = ingestor.spark.read.parquet(str(processed_path))
         ^^^^^^^^^^^^^^^^^^^^^^^^^^^^^^^^^^^^^^^^^^^^^^^^
  File "/Library/Frameworks/Python.framework/Versions/3.11/lib/python3.11/site-packages/pyspark/sql/readwriter.py", line 642, in parquet
    return self._df(self._jreader.parquet(_to_seq(self._spark._sc, paths)))
                    ^^^^^^^^^^^^^^^^^^^^^^^^^^^^^^^^^^^^^^^^^^^^^^^^^^^^^^
  File "/Library/Frameworks/Python.framework/Versions/3.11/lib/python3.11/site-packages/py4j/java_gateway.py", line 1362, in __call__
    return_value = get_return_value(
                   ^^^^^^^^^^^^^^^^^
  File "/Library/Frameworks/Python.framework/Versions/3.11/lib/python3.11/site-packages/pyspark/errors/exceptions/captured.py", line 263, in deco
    return f(*a, **kw)
           ^^^^^^^^^^^
  File "/Library/Frameworks/Python.framework/Versions/3.11/lib/python3.11/site-packages/py4j/protocol.py", line 327, in get_return_value
    raise Py4JJavaError(
py4j.protocol.Py4JJavaError: An error occurred while calling o40.parquet.
: org.apache.spark.SparkException: Job aborted due to stage failure: Task 0 in stage 0.0 failed 1 times, most recent failure: Lost task 0.0 in stage 0.0 (TID 0) (192.168.0.108 executor driver): org.apache.spark.SparkException: Exception thrown in awaitResult: 
	at org.apache.spark.util.SparkThreadUtils$.awaitResult(SparkThreadUtils.scala:53)
	at org.apache.spark.util.ThreadUtils$.awaitResult(ThreadUtils.scala:359)
	at org.apache.spark.util.ThreadUtils$.parmap(ThreadUtils.scala:436)
	at org.apache.spark.sql.execution.datasources.parquet.ParquetFileFormat$.readParquetFootersInParallel(ParquetFileFormat.scala:506)
	at org.apache.spark.sql.execution.datasources.parquet.ParquetFileFormat$.$anonfun$mergeSchemasInParallel$1(ParquetFileFormat.scala:557)
	at org.apache.spark.sql.execution.datasources.parquet.ParquetFileFormat$.$anonfun$mergeSchemasInParallel$1$adapted(ParquetFileFormat.scala:549)
	at org.apache.spark.sql.execution.datasources.SchemaMergeUtils$.$anonfun$mergeSchemasInParallel$2(SchemaMergeUtils.scala:80)
	at org.apache.spark.rdd.RDD.$anonfun$mapPartitions$2(RDD.scala:866)
	at org.apache.spark.rdd.RDD.$anonfun$mapPartitions$2$adapted(RDD.scala:866)
	at org.apache.spark.rdd.MapPartitionsRDD.compute(MapPartitionsRDD.scala:52)
	at org.apache.spark.rdd.RDD.computeOrReadCheckpoint(RDD.scala:374)
	at org.apache.spark.rdd.RDD.iterator(RDD.scala:338)
	at org.apache.spark.scheduler.ResultTask.runTask(ResultTask.scala:93)
	at org.apache.spark.TaskContext.runTaskWithListeners(TaskContext.scala:180)
	at org.apache.spark.scheduler.Task.run(Task.scala:147)
	at org.apache.spark.executor.Executor$TaskRunner.$anonfun$run$5(Executor.scala:716)
	at org.apache.spark.util.SparkErrorUtils.tryWithSafeFinally(SparkErrorUtils.scala:86)
	at org.apache.spark.util.SparkErrorUtils.tryWithSafeFinally$(SparkErrorUtils.scala:83)
	at org.apache.spark.util.Utils$.tryWithSafeFinally(Utils.scala:97)
	at org.apache.spark.executor.Executor$TaskRunner.run(Executor.scala:719)
	at java.base/java.util.concurrent.ThreadPoolExecutor.runWorker(ThreadPoolExecutor.java:1144)
	at java.base/java.util.concurrent.ThreadPoolExecutor$Worker.run(ThreadPoolExecutor.java:642)
	at java.base/java.lang.Thread.run(Thread.java:1583)
Caused by: org.apache.spark.SparkException: [FAILED_READ_FILE.CANNOT_READ_FILE_FOOTER] Encountered error while reading file file:/Users/ayman/Documents/CryptX/data/processed/BTCUSDT/1m/historical/metadata.json. Could not read footer. Please ensure that the file is in either ORC or Parquet format.
If not, please convert it to a valid format. If the file is in the valid format, please check if it is corrupt.
If it is, you can choose to either ignore it or fix the corruption. SQLSTATE: KD001
	at org.apache.spark.sql.errors.QueryExecutionErrors$.cannotReadFooterForFileError(QueryExecutionErrors.scala:1094)
	at org.apache.spark.sql.execution.datasources.parquet.ParquetFileFormat$.$anonfun$readParquetFootersInParallel$1(ParquetFileFormat.scala:519)
	at org.apache.spark.util.ThreadUtils$.$anonfun$parmap$2(ThreadUtils.scala:433)
	at scala.concurrent.Future$.$anonfun$apply$1(Future.scala:691)
	at scala.concurrent.impl.Promise$Transformation.run(Promise.scala:500)
	at java.base/java.util.concurrent.ForkJoinTask$RunnableExecuteAction.exec(ForkJoinTask.java:1423)
	at java.base/java.util.concurrent.ForkJoinTask.doExec(ForkJoinTask.java:387)
	at java.base/java.util.concurrent.ForkJoinPool$WorkQueue.topLevelExec(ForkJoinPool.java:1312)
	at java.base/java.util.concurrent.ForkJoinPool.scan(ForkJoinPool.java:1843)
	at java.base/java.util.concurrent.ForkJoinPool.runWorker(ForkJoinPool.java:1808)
	at java.base/java.util.concurrent.ForkJoinWorkerThread.run(ForkJoinWorkerThread.java:188)
Caused by: java.lang.RuntimeException: file:/Users/ayman/Documents/CryptX/data/processed/BTCUSDT/1m/historical/metadata.json is not a Parquet file. Expected magic number at tail, but found [108, 34, 10, 125]
	at org.apache.parquet.hadoop.ParquetFileReader.readFooter(ParquetFileReader.java:622)
	at org.apache.parquet.hadoop.ParquetFileReader.readFooter(ParquetFileReader.java:578)
	at org.apache.parquet.hadoop.ParquetFileReader.<init>(ParquetFileReader.java:971)
	at org.apache.parquet.hadoop.ParquetFileReader.<init>(ParquetFileReader.java:961)
	at org.apache.parquet.hadoop.ParquetFileReader.open(ParquetFileReader.java:730)
	at org.apache.spark.sql.execution.datasources.parquet.ParquetFooterReader.readFooter(ParquetFooterReader.java:67)
	at org.apache.spark.sql.execution.datasources.parquet.ParquetFileFormat$.$anonfun$readParquetFootersInParallel$1(ParquetFileFormat.scala:513)
	... 9 more

Driver stacktrace:
	at org.apache.spark.scheduler.DAGScheduler.$anonfun$abortStage$3(DAGScheduler.scala:3122)
	at scala.Option.getOrElse(Option.scala:201)
	at org.apache.spark.scheduler.DAGScheduler.$anonfun$abortStage$2(DAGScheduler.scala:3122)
	at org.apache.spark.scheduler.DAGScheduler.$anonfun$abortStage$2$adapted(DAGScheduler.scala:3114)
	at scala.collection.immutable.List.foreach(List.scala:323)
	at org.apache.spark.scheduler.DAGScheduler.abortStage(DAGScheduler.scala:3114)
	at org.apache.spark.scheduler.DAGScheduler.$anonfun$handleTaskSetFailed$1(DAGScheduler.scala:1303)
	at org.apache.spark.scheduler.DAGScheduler.$anonfun$handleTaskSetFailed$1$adapted(DAGScheduler.scala:1303)
	at scala.Option.foreach(Option.scala:437)
	at org.apache.spark.scheduler.DAGScheduler.handleTaskSetFailed(DAGScheduler.scala:1303)
	at org.apache.spark.scheduler.DAGSchedulerEventProcessLoop.doOnReceive(DAGScheduler.scala:3397)
	at org.apache.spark.scheduler.DAGSchedulerEventProcessLoop.onReceive(DAGScheduler.scala:3328)
	at org.apache.spark.scheduler.DAGSchedulerEventProcessLoop.onReceive(DAGScheduler.scala:3317)
	at org.apache.spark.util.EventLoop$$anon$1.run(EventLoop.scala:50)
	at org.apache.spark.scheduler.DAGScheduler.runJob(DAGScheduler.scala:1017)
	at org.apache.spark.SparkContext.runJob(SparkContext.scala:2496)
	at org.apache.spark.SparkContext.runJob(SparkContext.scala:2517)
	at org.apache.spark.SparkContext.runJob(SparkContext.scala:2536)
	at org.apache.spark.SparkContext.runJob(SparkContext.scala:2561)
	at org.apache.spark.rdd.RDD.$anonfun$collect$1(RDD.scala:1057)
	at org.apache.spark.rdd.RDDOperationScope$.withScope(RDDOperationScope.scala:151)
	at org.apache.spark.rdd.RDDOperationScope$.withScope(RDDOperationScope.scala:112)
	at org.apache.spark.rdd.RDD.withScope(RDD.scala:417)
	at org.apache.spark.rdd.RDD.collect(RDD.scala:1056)
	at org.apache.spark.sql.execution.datasources.SchemaMergeUtils$.mergeSchemasInParallel(SchemaMergeUtils.scala:74)
	at org.apache.spark.sql.execution.datasources.parquet.ParquetFileFormat$.mergeSchemasInParallel(ParquetFileFormat.scala:561)
	at org.apache.spark.sql.execution.datasources.parquet.ParquetUtils$.inferSchema(ParquetUtils.scala:134)
	at org.apache.spark.sql.execution.datasources.parquet.ParquetFileFormat.inferSchema(ParquetFileFormat.scala:87)
	at org.apache.spark.sql.execution.datasources.DataSource.$anonfun$getOrInferFileFormatSchema$11(DataSource.scala:222)
	at scala.Option.orElse(Option.scala:477)
	at org.apache.spark.sql.execution.datasources.DataSource.getOrInferFileFormatSchema(DataSource.scala:219)
	at org.apache.spark.sql.execution.datasources.DataSource.resolveRelation(DataSource.scala:425)
	at org.apache.spark.sql.catalyst.analysis.ResolveDataSource.org$apache$spark$sql$catalyst$analysis$ResolveDataSource$$loadV1BatchSource(ResolveDataSource.scala:143)
	at org.apache.spark.sql.catalyst.analysis.ResolveDataSource$$anonfun$apply$1.$anonfun$applyOrElse$2(ResolveDataSource.scala:61)
	at scala.Option.getOrElse(Option.scala:201)
	at org.apache.spark.sql.catalyst.analysis.ResolveDataSource$$anonfun$apply$1.applyOrElse(ResolveDataSource.scala:61)
	at org.apache.spark.sql.catalyst.analysis.ResolveDataSource$$anonfun$apply$1.applyOrElse(ResolveDataSource.scala:45)
	at org.apache.spark.sql.catalyst.plans.logical.AnalysisHelper.$anonfun$resolveOperatorsUpWithPruning$3(AnalysisHelper.scala:139)
	at org.apache.spark.sql.catalyst.trees.CurrentOrigin$.withOrigin(origin.scala:107)
	at org.apache.spark.sql.catalyst.plans.logical.AnalysisHelper.$anonfun$resolveOperatorsUpWithPruning$1(AnalysisHelper.scala:139)
	at org.apache.spark.sql.catalyst.plans.logical.AnalysisHelper$.allowInvokingTransformsInAnalyzer(AnalysisHelper.scala:416)
	at org.apache.spark.sql.catalyst.plans.logical.AnalysisHelper.resolveOperatorsUpWithPruning(AnalysisHelper.scala:135)
	at org.apache.spark.sql.catalyst.plans.logical.AnalysisHelper.resolveOperatorsUpWithPruning$(AnalysisHelper.scala:131)
	at org.apache.spark.sql.catalyst.plans.logical.LogicalPlan.resolveOperatorsUpWithPruning(LogicalPlan.scala:37)
	at org.apache.spark.sql.catalyst.plans.logical.AnalysisHelper.resolveOperatorsUp(AnalysisHelper.scala:112)
	at org.apache.spark.sql.catalyst.plans.logical.AnalysisHelper.resolveOperatorsUp$(AnalysisHelper.scala:111)
	at org.apache.spark.sql.catalyst.plans.logical.LogicalPlan.resolveOperatorsUp(LogicalPlan.scala:37)
	at org.apache.spark.sql.catalyst.analysis.ResolveDataSource.apply(ResolveDataSource.scala:45)
	at org.apache.spark.sql.catalyst.analysis.ResolveDataSource.apply(ResolveDataSource.scala:43)
	at org.apache.spark.sql.catalyst.rules.RuleExecutor.$anonfun$execute$2(RuleExecutor.scala:248)
	at scala.collection.LinearSeqOps.foldLeft(LinearSeq.scala:183)
	at scala.collection.LinearSeqOps.foldLeft$(LinearSeq.scala:179)
	at scala.collection.immutable.List.foldLeft(List.scala:79)
	at org.apache.spark.sql.catalyst.rules.RuleExecutor.$anonfun$execute$1(RuleExecutor.scala:245)
	at org.apache.spark.sql.catalyst.rules.RuleExecutor.$anonfun$execute$1$adapted(RuleExecutor.scala:237)
	at scala.collection.immutable.List.foreach(List.scala:323)
	at org.apache.spark.sql.catalyst.rules.RuleExecutor.execute(RuleExecutor.scala:237)
	at org.apache.spark.sql.catalyst.analysis.Analyzer.org$apache$spark$sql$catalyst$analysis$Analyzer$$executeSameContext(Analyzer.scala:343)
	at org.apache.spark.sql.catalyst.analysis.Analyzer.$anonfun$execute$1(Analyzer.scala:339)
	at org.apache.spark.sql.catalyst.analysis.AnalysisContext$.withNewAnalysisContext(Analyzer.scala:224)
	at org.apache.spark.sql.catalyst.analysis.Analyzer.execute(Analyzer.scala:339)
	at org.apache.spark.sql.catalyst.analysis.Analyzer.execute(Analyzer.scala:289)
	at org.apache.spark.sql.catalyst.rules.RuleExecutor.$anonfun$executeAndTrack$1(RuleExecutor.scala:207)
	at org.apache.spark.sql.catalyst.QueryPlanningTracker$.withTracker(QueryPlanningTracker.scala:89)
	at org.apache.spark.sql.catalyst.rules.RuleExecutor.executeAndTrack(RuleExecutor.scala:207)
	at org.apache.spark.sql.catalyst.analysis.resolver.HybridAnalyzer.resolveInFixedPoint(HybridAnalyzer.scala:236)
	at org.apache.spark.sql.catalyst.analysis.resolver.HybridAnalyzer.$anonfun$apply$1(HybridAnalyzer.scala:91)
	at org.apache.spark.sql.catalyst.analysis.resolver.HybridAnalyzer.withTrackedAnalyzerBridgeState(HybridAnalyzer.scala:122)
	at org.apache.spark.sql.catalyst.analysis.resolver.HybridAnalyzer.apply(HybridAnalyzer.scala:84)
	at org.apache.spark.sql.catalyst.analysis.Analyzer.$anonfun$executeAndCheck$1(Analyzer.scala:322)
	at org.apache.spark.sql.catalyst.plans.logical.AnalysisHelper$.markInAnalyzer(AnalysisHelper.scala:423)
	at org.apache.spark.sql.catalyst.analysis.Analyzer.executeAndCheck(Analyzer.scala:322)
	at org.apache.spark.sql.execution.QueryExecution.$anonfun$lazyAnalyzed$2(QueryExecution.scala:139)
	at org.apache.spark.sql.catalyst.QueryPlanningTracker.measurePhase(QueryPlanningTracker.scala:148)
	at org.apache.spark.sql.execution.QueryExecution.$anonfun$executePhase$2(QueryExecution.scala:330)
	at org.apache.spark.sql.execution.QueryExecution$.withInternalError(QueryExecution.scala:717)
	at org.apache.spark.sql.execution.QueryExecution.$anonfun$executePhase$1(QueryExecution.scala:330)
	at org.apache.spark.sql.SparkSession.withActive(SparkSession.scala:804)
	at org.apache.spark.sql.execution.QueryExecution.executePhase(QueryExecution.scala:329)
	at org.apache.spark.sql.execution.QueryExecution.$anonfun$lazyAnalyzed$1(QueryExecution.scala:139)
	at scala.util.Try$.apply(Try.scala:217)
	at org.apache.spark.util.Utils$.doTryWithCallerStacktrace(Utils.scala:1392)
	at org.apache.spark.util.Utils$.getTryWithCallerStacktrace(Utils.scala:1453)
	at org.apache.spark.util.LazyTry.get(LazyTry.scala:58)
	at org.apache.spark.sql.execution.QueryExecution.analyzed(QueryExecution.scala:150)
	at org.apache.spark.sql.execution.QueryExecution.assertAnalyzed(QueryExecution.scala:90)
	at org.apache.spark.sql.classic.Dataset$.$anonfun$ofRows$1(Dataset.scala:114)
	at org.apache.spark.sql.SparkSession.withActive(SparkSession.scala:804)
	at org.apache.spark.sql.classic.Dataset$.ofRows(Dataset.scala:112)
	at org.apache.spark.sql.classic.DataFrameReader.load(DataFrameReader.scala:108)
	at org.apache.spark.sql.classic.DataFrameReader.load(DataFrameReader.scala:57)
	at org.apache.spark.sql.DataFrameReader.parquet(DataFrameReader.scala:457)
	at org.apache.spark.sql.classic.DataFrameReader.parquet(DataFrameReader.scala:305)
	at org.apache.spark.sql.classic.DataFrameReader.parquet(DataFrameReader.scala:57)
	at java.base/jdk.internal.reflect.NativeMethodAccessorImpl.invoke0(Native Method)
	at java.base/jdk.internal.reflect.NativeMethodAccessorImpl.invoke(NativeMethodAccessorImpl.java:75)
	at java.base/jdk.internal.reflect.DelegatingMethodAccessorImpl.invoke(DelegatingMethodAccessorImpl.java:52)
	at java.base/java.lang.reflect.Method.invoke(Method.java:580)
	at py4j.reflection.MethodInvoker.invoke(MethodInvoker.java:244)
	at py4j.reflection.ReflectionEngine.invoke(ReflectionEngine.java:374)
	at py4j.Gateway.invoke(Gateway.java:282)
	at py4j.commands.AbstractCommand.invokeMethod(AbstractCommand.java:132)
	at py4j.commands.CallCommand.execute(CallCommand.java:79)
	at py4j.ClientServerConnection.waitForCommands(ClientServerConnection.java:184)
	at py4j.ClientServerConnection.run(ClientServerConnection.java:108)
	at java.base/java.lang.Thread.run(Thread.java:1583)
	Suppressed: org.apache.spark.util.Utils$OriginalTryStackTraceException: Full stacktrace of original doTryWithCallerStacktrace caller
		at org.apache.spark.scheduler.DAGScheduler.$anonfun$abortStage$3(DAGScheduler.scala:3122)
		at scala.Option.getOrElse(Option.scala:201)
		at org.apache.spark.scheduler.DAGScheduler.$anonfun$abortStage$2(DAGScheduler.scala:3122)
		at org.apache.spark.scheduler.DAGScheduler.$anonfun$abortStage$2$adapted(DAGScheduler.scala:3114)
		at scala.collection.immutable.List.foreach(List.scala:323)
		at org.apache.spark.scheduler.DAGScheduler.abortStage(DAGScheduler.scala:3114)
		at org.apache.spark.scheduler.DAGScheduler.$anonfun$handleTaskSetFailed$1(DAGScheduler.scala:1303)
		at org.apache.spark.scheduler.DAGScheduler.$anonfun$handleTaskSetFailed$1$adapted(DAGScheduler.scala:1303)
		at scala.Option.foreach(Option.scala:437)
		at org.apache.spark.scheduler.DAGScheduler.handleTaskSetFailed(DAGScheduler.scala:1303)
		at org.apache.spark.scheduler.DAGSchedulerEventProcessLoop.doOnReceive(DAGScheduler.scala:3397)
		at org.apache.spark.scheduler.DAGSchedulerEventProcessLoop.onReceive(DAGScheduler.scala:3328)
		at org.apache.spark.scheduler.DAGSchedulerEventProcessLoop.onReceive(DAGScheduler.scala:3317)
		at org.apache.spark.util.EventLoop$$anon$1.run(EventLoop.scala:50)
		at org.apache.spark.scheduler.DAGScheduler.runJob(DAGScheduler.scala:1017)
		at org.apache.spark.SparkContext.runJob(SparkContext.scala:2496)
		at org.apache.spark.SparkContext.runJob(SparkContext.scala:2517)
		at org.apache.spark.SparkContext.runJob(SparkContext.scala:2536)
		at org.apache.spark.SparkContext.runJob(SparkContext.scala:2561)
		at org.apache.spark.rdd.RDD.$anonfun$collect$1(RDD.scala:1057)
		at org.apache.spark.rdd.RDDOperationScope$.withScope(RDDOperationScope.scala:151)
		at org.apache.spark.rdd.RDDOperationScope$.withScope(RDDOperationScope.scala:112)
		at org.apache.spark.rdd.RDD.withScope(RDD.scala:417)
		at org.apache.spark.rdd.RDD.collect(RDD.scala:1056)
		at org.apache.spark.sql.execution.datasources.SchemaMergeUtils$.mergeSchemasInParallel(SchemaMergeUtils.scala:74)
		at org.apache.spark.sql.execution.datasources.parquet.ParquetFileFormat$.mergeSchemasInParallel(ParquetFileFormat.scala:561)
		at org.apache.spark.sql.execution.datasources.parquet.ParquetUtils$.inferSchema(ParquetUtils.scala:134)
		at org.apache.spark.sql.execution.datasources.parquet.ParquetFileFormat.inferSchema(ParquetFileFormat.scala:87)
		at org.apache.spark.sql.execution.datasources.DataSource.$anonfun$getOrInferFileFormatSchema$11(DataSource.scala:222)
		at scala.Option.orElse(Option.scala:477)
		at org.apache.spark.sql.execution.datasources.DataSource.getOrInferFileFormatSchema(DataSource.scala:219)
		at org.apache.spark.sql.execution.datasources.DataSource.resolveRelation(DataSource.scala:425)
		at org.apache.spark.sql.catalyst.analysis.ResolveDataSource.org$apache$spark$sql$catalyst$analysis$ResolveDataSource$$loadV1BatchSource(ResolveDataSource.scala:143)
		at org.apache.spark.sql.catalyst.analysis.ResolveDataSource$$anonfun$apply$1.$anonfun$applyOrElse$2(ResolveDataSource.scala:61)
		at scala.Option.getOrElse(Option.scala:201)
		at org.apache.spark.sql.catalyst.analysis.ResolveDataSource$$anonfun$apply$1.applyOrElse(ResolveDataSource.scala:61)
		at org.apache.spark.sql.catalyst.analysis.ResolveDataSource$$anonfun$apply$1.applyOrElse(ResolveDataSource.scala:45)
		at org.apache.spark.sql.catalyst.plans.logical.AnalysisHelper.$anonfun$resolveOperatorsUpWithPruning$3(AnalysisHelper.scala:139)
		at org.apache.spark.sql.catalyst.trees.CurrentOrigin$.withOrigin(origin.scala:107)
		at org.apache.spark.sql.catalyst.plans.logical.AnalysisHelper.$anonfun$resolveOperatorsUpWithPruning$1(AnalysisHelper.scala:139)
		at org.apache.spark.sql.catalyst.plans.logical.AnalysisHelper$.allowInvokingTransformsInAnalyzer(AnalysisHelper.scala:416)
		at org.apache.spark.sql.catalyst.plans.logical.AnalysisHelper.resolveOperatorsUpWithPruning(AnalysisHelper.scala:135)
		at org.apache.spark.sql.catalyst.plans.logical.AnalysisHelper.resolveOperatorsUpWithPruning$(AnalysisHelper.scala:131)
		at org.apache.spark.sql.catalyst.plans.logical.LogicalPlan.resolveOperatorsUpWithPruning(LogicalPlan.scala:37)
		at org.apache.spark.sql.catalyst.plans.logical.AnalysisHelper.resolveOperatorsUp(AnalysisHelper.scala:112)
		at org.apache.spark.sql.catalyst.plans.logical.AnalysisHelper.resolveOperatorsUp$(AnalysisHelper.scala:111)
		at org.apache.spark.sql.catalyst.plans.logical.LogicalPlan.resolveOperatorsUp(LogicalPlan.scala:37)
		at org.apache.spark.sql.catalyst.analysis.ResolveDataSource.apply(ResolveDataSource.scala:45)
		at org.apache.spark.sql.catalyst.analysis.ResolveDataSource.apply(ResolveDataSource.scala:43)
		at org.apache.spark.sql.catalyst.rules.RuleExecutor.$anonfun$execute$2(RuleExecutor.scala:248)
		at scala.collection.LinearSeqOps.foldLeft(LinearSeq.scala:183)
		at scala.collection.LinearSeqOps.foldLeft$(LinearSeq.scala:179)
		at scala.collection.immutable.List.foldLeft(List.scala:79)
		at org.apache.spark.sql.catalyst.rules.RuleExecutor.$anonfun$execute$1(RuleExecutor.scala:245)
		at org.apache.spark.sql.catalyst.rules.RuleExecutor.$anonfun$execute$1$adapted(RuleExecutor.scala:237)
		at scala.collection.immutable.List.foreach(List.scala:323)
		at org.apache.spark.sql.catalyst.rules.RuleExecutor.execute(RuleExecutor.scala:237)
		at org.apache.spark.sql.catalyst.analysis.Analyzer.org$apache$spark$sql$catalyst$analysis$Analyzer$$executeSameContext(Analyzer.scala:343)
		at org.apache.spark.sql.catalyst.analysis.Analyzer.$anonfun$execute$1(Analyzer.scala:339)
		at org.apache.spark.sql.catalyst.analysis.AnalysisContext$.withNewAnalysisContext(Analyzer.scala:224)
		at org.apache.spark.sql.catalyst.analysis.Analyzer.execute(Analyzer.scala:339)
		at org.apache.spark.sql.catalyst.analysis.Analyzer.execute(Analyzer.scala:289)
		at org.apache.spark.sql.catalyst.rules.RuleExecutor.$anonfun$executeAndTrack$1(RuleExecutor.scala:207)
		at org.apache.spark.sql.catalyst.QueryPlanningTracker$.withTracker(QueryPlanningTracker.scala:89)
		at org.apache.spark.sql.catalyst.rules.RuleExecutor.executeAndTrack(RuleExecutor.scala:207)
		at org.apache.spark.sql.catalyst.analysis.resolver.HybridAnalyzer.resolveInFixedPoint(HybridAnalyzer.scala:236)
		at org.apache.spark.sql.catalyst.analysis.resolver.HybridAnalyzer.$anonfun$apply$1(HybridAnalyzer.scala:91)
		at org.apache.spark.sql.catalyst.analysis.resolver.HybridAnalyzer.withTrackedAnalyzerBridgeState(HybridAnalyzer.scala:122)
		at org.apache.spark.sql.catalyst.analysis.resolver.HybridAnalyzer.apply(HybridAnalyzer.scala:84)
		at org.apache.spark.sql.catalyst.analysis.Analyzer.$anonfun$executeAndCheck$1(Analyzer.scala:322)
		at org.apache.spark.sql.catalyst.plans.logical.AnalysisHelper$.markInAnalyzer(AnalysisHelper.scala:423)
		at org.apache.spark.sql.catalyst.analysis.Analyzer.executeAndCheck(Analyzer.scala:322)
		at org.apache.spark.sql.execution.QueryExecution.$anonfun$lazyAnalyzed$2(QueryExecution.scala:139)
		at org.apache.spark.sql.catalyst.QueryPlanningTracker.measurePhase(QueryPlanningTracker.scala:148)
		at org.apache.spark.sql.execution.QueryExecution.$anonfun$executePhase$2(QueryExecution.scala:330)
		at org.apache.spark.sql.execution.QueryExecution$.withInternalError(QueryExecution.scala:717)
		at org.apache.spark.sql.execution.QueryExecution.$anonfun$executePhase$1(QueryExecution.scala:330)
		at org.apache.spark.sql.SparkSession.withActive(SparkSession.scala:804)
		at org.apache.spark.sql.execution.QueryExecution.executePhase(QueryExecution.scala:329)
		at org.apache.spark.sql.execution.QueryExecution.$anonfun$lazyAnalyzed$1(QueryExecution.scala:139)
		at scala.util.Try$.apply(Try.scala:217)
		at org.apache.spark.util.Utils$.doTryWithCallerStacktrace(Utils.scala:1392)
		at org.apache.spark.util.LazyTry.tryT$lzycompute(LazyTry.scala:46)
		at org.apache.spark.util.LazyTry.tryT(LazyTry.scala:46)
		... 23 more
Caused by: org.apache.spark.SparkException: Exception thrown in awaitResult: 
	at org.apache.spark.util.SparkThreadUtils$.awaitResult(SparkThreadUtils.scala:53)
	at org.apache.spark.util.ThreadUtils$.awaitResult(ThreadUtils.scala:359)
	at org.apache.spark.util.ThreadUtils$.parmap(ThreadUtils.scala:436)
	at org.apache.spark.sql.execution.datasources.parquet.ParquetFileFormat$.readParquetFootersInParallel(ParquetFileFormat.scala:506)
	at org.apache.spark.sql.execution.datasources.parquet.ParquetFileFormat$.$anonfun$mergeSchemasInParallel$1(ParquetFileFormat.scala:557)
	at org.apache.spark.sql.execution.datasources.parquet.ParquetFileFormat$.$anonfun$mergeSchemasInParallel$1$adapted(ParquetFileFormat.scala:549)
	at org.apache.spark.sql.execution.datasources.SchemaMergeUtils$.$anonfun$mergeSchemasInParallel$2(SchemaMergeUtils.scala:80)
	at org.apache.spark.rdd.RDD.$anonfun$mapPartitions$2(RDD.scala:866)
	at org.apache.spark.rdd.RDD.$anonfun$mapPartitions$2$adapted(RDD.scala:866)
	at org.apache.spark.rdd.MapPartitionsRDD.compute(MapPartitionsRDD.scala:52)
	at org.apache.spark.rdd.RDD.computeOrReadCheckpoint(RDD.scala:374)
	at org.apache.spark.rdd.RDD.iterator(RDD.scala:338)
	at org.apache.spark.scheduler.ResultTask.runTask(ResultTask.scala:93)
	at org.apache.spark.TaskContext.runTaskWithListeners(TaskContext.scala:180)
	at org.apache.spark.scheduler.Task.run(Task.scala:147)
	at org.apache.spark.executor.Executor$TaskRunner.$anonfun$run$5(Executor.scala:716)
	at org.apache.spark.util.SparkErrorUtils.tryWithSafeFinally(SparkErrorUtils.scala:86)
	at org.apache.spark.util.SparkErrorUtils.tryWithSafeFinally$(SparkErrorUtils.scala:83)
	at org.apache.spark.util.Utils$.tryWithSafeFinally(Utils.scala:97)
	at org.apache.spark.executor.Executor$TaskRunner.run(Executor.scala:719)
	at java.base/java.util.concurrent.ThreadPoolExecutor.runWorker(ThreadPoolExecutor.java:1144)
	at java.base/java.util.concurrent.ThreadPoolExecutor$Worker.run(ThreadPoolExecutor.java:642)
	... 1 more
Caused by: org.apache.spark.SparkException: [FAILED_READ_FILE.CANNOT_READ_FILE_FOOTER] Encountered error while reading file file:/Users/ayman/Documents/CryptX/data/processed/BTCUSDT/1m/historical/metadata.json. Could not read footer. Please ensure that the file is in either ORC or Parquet format.
If not, please convert it to a valid format. If the file is in the valid format, please check if it is corrupt.
If it is, you can choose to either ignore it or fix the corruption. SQLSTATE: KD001
	at org.apache.spark.sql.errors.QueryExecutionErrors$.cannotReadFooterForFileError(QueryExecutionErrors.scala:1094)
	at org.apache.spark.sql.execution.datasources.parquet.ParquetFileFormat$.$anonfun$readParquetFootersInParallel$1(ParquetFileFormat.scala:519)
	at org.apache.spark.util.ThreadUtils$.$anonfun$parmap$2(ThreadUtils.scala:433)
	at scala.concurrent.Future$.$anonfun$apply$1(Future.scala:691)
	at scala.concurrent.impl.Promise$Transformation.run(Promise.scala:500)
	at java.base/java.util.concurrent.ForkJoinTask$RunnableExecuteAction.exec(ForkJoinTask.java:1423)
	at java.base/java.util.concurrent.ForkJoinTask.doExec(ForkJoinTask.java:387)
	at java.base/java.util.concurrent.ForkJoinPool$WorkQueue.topLevelExec(ForkJoinPool.java:1312)
	at java.base/java.util.concurrent.ForkJoinPool.scan(ForkJoinPool.java:1843)
	at java.base/java.util.concurrent.ForkJoinPool.runWorker(ForkJoinPool.java:1808)
	at java.base/java.util.concurrent.ForkJoinWorkerThread.run(ForkJoinWorkerThread.java:188)
Caused by: java.lang.RuntimeException: file:/Users/ayman/Documents/CryptX/data/processed/BTCUSDT/1m/historical/metadata.json is not a Parquet file. Expected magic number at tail, but found [108, 34, 10, 125]
	at org.apache.parquet.hadoop.ParquetFileReader.readFooter(ParquetFileReader.java:622)
	at org.apache.parquet.hadoop.ParquetFileReader.readFooter(ParquetFileReader.java:578)
	at org.apache.parquet.hadoop.ParquetFileReader.<init>(ParquetFileReader.java:971)
	at org.apache.parquet.hadoop.ParquetFileReader.<init>(ParquetFileReader.java:961)
	at org.apache.parquet.hadoop.ParquetFileReader.open(ParquetFileReader.java:730)
	at org.apache.spark.sql.execution.datasources.parquet.ParquetFooterReader.readFooter(ParquetFooterReader.java:67)
	at org.apache.spark.sql.execution.datasources.parquet.ParquetFileFormat$.$anonfun$readParquetFootersInParallel$1(ParquetFileFormat.scala:513)
	... 9 more

2026-01-17 17:58:58,658 - py4j.clientserver - INFO - Closing down clientserver connection
